<?xml version="1.0" encoding="UTF-8"?>
<!-- Generated by org.testng.reporters.JUnitReportReporter -->
<testsuite hostname="APMOSYSLT0333" failures="0" tests="3" name="testNG.NG_0A" time="0.100" errors="0" timestamp="2024-11-29T10:05:47 IST" skipped="0">
  <testcase classname="testNG.NG_0A" name="C" time="0.034"/>
  <system-out/>
  <testcase classname="testNG.NG_0A" name="A" time="0.031"/>
  <system-out/>
  <testcase classname="testNG.NG_0A" name="B" time="0.035"/>
  <system-out/>
</testsuite> <!-- testNG.NG_0A -->
