<?xml version="1.0" encoding="UTF-8"?>
<!-- Generated by org.testng.reporters.JUnitReportReporter -->
<testsuite hostname="APMOSYSLT0333" failures="0" tests="6" name="testNG.NG_0X" time="0.081" errors="0" timestamp="2024-11-29T10:05:47 IST" skipped="0">
  <testcase classname="testNG.NG_0X" name="Z" time="0.035"/>
  <system-out/>
  <testcase classname="testNG.NG_0X" name="X" time="0.032"/>
  <system-out/>
  <testcase classname="testNG.NG_0X" name="X" time="0.003"/>
  <system-out/>
  <testcase classname="testNG.NG_0X" name="Y" time="0.003"/>
  <system-out/>
  <testcase classname="testNG.NG_0X" name="Y" time="0.006"/>
  <system-out/>
  <testcase classname="testNG.NG_0X" name="Y" time="0.002"/>
  <system-out/>
</testsuite> <!-- testNG.NG_0X -->
