<?xml version="1.0" encoding="UTF-8"?>
<!-- Generated by org.testng.reporters.JUnitReportReporter -->
<testsuite hostname="APMOSYSLT0333" failures="0" tests="2" name="myDump.NGPractices" time="0.047" errors="0" timestamp="2024-11-19T10:37:12 IST" skipped="0">
  <testcase classname="myDump.NGPractices" name="test1" time="0.043"/>
  <system-out/>
  <testcase classname="myDump.NGPractices" name="test2" time="0.004"/>
  <system-out/>
</testsuite> <!-- myDump.NGPractices -->
